[0216/222634.987:ERROR:ssl_client_socket_impl.cc(962)] handshake failed; returned -1, SSL error code 1, net_error -202
[0216/222635.024:ERROR:ssl_client_socket_impl.cc(962)] handshake failed; returned -1, SSL error code 1, net_error -202
[0216/222635.025:ERROR:ssl_client_socket_impl.cc(962)] handshake failed; returned -1, SSL error code 1, net_error -202
[0216/222635.028:ERROR:ssl_client_socket_impl.cc(962)] handshake failed; returned -1, SSL error code 1, net_error -202
[0216/222635.032:ERROR:ssl_client_socket_impl.cc(962)] handshake failed; returned -1, SSL error code 1, net_error -202
[0216/222635.036:ERROR:ssl_client_socket_impl.cc(962)] handshake failed; returned -1, SSL error code 1, net_error -202
[0216/222635.040:ERROR:ssl_client_socket_impl.cc(962)] handshake failed; returned -1, SSL error code 1, net_error -202
[0216/222635.044:ERROR:ssl_client_socket_impl.cc(962)] handshake failed; returned -1, SSL error code 1, net_error -202
[0216/222635.050:ERROR:ssl_client_socket_impl.cc(962)] handshake failed; returned -1, SSL error code 1, net_error -202
[0216/222635.054:ERROR:ssl_client_socket_impl.cc(962)] handshake failed; returned -1, SSL error code 1, net_error -202
[0216/222635.058:ERROR:ssl_client_socket_impl.cc(962)] handshake failed; returned -1, SSL error code 1, net_error -202
[0216/222635.063:ERROR:ssl_client_socket_impl.cc(962)] handshake failed; returned -1, SSL error code 1, net_error -202
[0216/222635.066:ERROR:ssl_client_socket_impl.cc(962)] handshake failed; returned -1, SSL error code 1, net_error -202
[0216/222635.071:ERROR:ssl_client_socket_impl.cc(962)] handshake failed; returned -1, SSL error code 1, net_error -202
[0216/222635.074:ERROR:ssl_client_socket_impl.cc(962)] handshake failed; returned -1, SSL error code 1, net_error -202
[0216/222635.401:INFO:CONSOLE(0)] "Uncaught (in promise) #<Object>", source: https://127.0.0.1:62108/login/passphrase?passphrase=d24eb417-6a26-48be-b710-62b4ecf45f35 (0)
[0216/222635.416:ERROR:ssl_client_socket_impl.cc(962)] handshake failed; returned -1, SSL error code 1, net_error -202
[0216/222635.447:ERROR:ssl_client_socket_impl.cc(962)] handshake failed; returned -1, SSL error code 1, net_error -202
[0216/222635.516:ERROR:ssl_client_socket_impl.cc(962)] handshake failed; returned -1, SSL error code 1, net_error -202
[0216/222649.588:ERROR:ssl_client_socket_impl.cc(962)] handshake failed; returned -1, SSL error code 1, net_error -202
[0216/222710.245:ERROR:ssl_client_socket_impl.cc(962)] handshake failed; returned -1, SSL error code 1, net_error -202
[0216/222710.279:ERROR:ssl_client_socket_impl.cc(962)] handshake failed; returned -1, SSL error code 1, net_error -202
[0216/222710.354:ERROR:ssl_client_socket_impl.cc(962)] handshake failed; returned -1, SSL error code 1, net_error -202
[0216/222710.371:ERROR:ssl_client_socket_impl.cc(962)] handshake failed; returned -1, SSL error code 1, net_error -202
[0216/222710.469:ERROR:ssl_client_socket_impl.cc(962)] handshake failed; returned -1, SSL error code 1, net_error -202
[0216/222710.471:ERROR:ssl_client_socket_impl.cc(962)] handshake failed; returned -1, SSL error code 1, net_error -202
[0216/222710.480:ERROR:ssl_client_socket_impl.cc(962)] handshake failed; returned -1, SSL error code 1, net_error -202
[0216/222710.484:ERROR:ssl_client_socket_impl.cc(962)] handshake failed; returned -1, SSL error code 1, net_error -202
[0216/222710.494:ERROR:ssl_client_socket_impl.cc(962)] handshake failed; returned -1, SSL error code 1, net_error -202
[0216/222710.500:ERROR:ssl_client_socket_impl.cc(962)] handshake failed; returned -1, SSL error code 1, net_error -202
[0216/222710.512:ERROR:ssl_client_socket_impl.cc(962)] handshake failed; returned -1, SSL error code 1, net_error -202
[0216/222735.410:ERROR:ssl_client_socket_impl.cc(962)] handshake failed; returned -1, SSL error code 1, net_error -202
[0216/222735.558:ERROR:ssl_client_socket_impl.cc(962)] handshake failed; returned -1, SSL error code 1, net_error -202
[0216/222735.560:ERROR:ssl_client_socket_impl.cc(962)] handshake failed; returned -1, SSL error code 1, net_error -202
[0216/222735.576:ERROR:ssl_client_socket_impl.cc(962)] handshake failed; returned -1, SSL error code 1, net_error -202
[0216/222737.890:ERROR:ssl_client_socket_impl.cc(962)] handshake failed; returned -1, SSL error code 1, net_error -202
[0216/222737.894:ERROR:ssl_client_socket_impl.cc(962)] handshake failed; returned -1, SSL error code 1, net_error -202
[0216/222743.237:ERROR:ssl_client_socket_impl.cc(962)] handshake failed; returned -1, SSL error code 1, net_error -202
[0216/222743.804:ERROR:ssl_client_socket_impl.cc(962)] handshake failed; returned -1, SSL error code 1, net_error -202
[0216/222743.810:ERROR:ssl_client_socket_impl.cc(962)] handshake failed; returned -1, SSL error code 1, net_error -202
[0216/222743.817:ERROR:ssl_client_socket_impl.cc(962)] handshake failed; returned -1, SSL error code 1, net_error -202
[0216/222743.826:ERROR:ssl_client_socket_impl.cc(962)] handshake failed; returned -1, SSL error code 1, net_error -202
[0216/222743.830:ERROR:ssl_client_socket_impl.cc(962)] handshake failed; returned -1, SSL error code 1, net_error -202
[0216/222743.835:ERROR:ssl_client_socket_impl.cc(962)] handshake failed; returned -1, SSL error code 1, net_error -202
[0216/222822.988:ERROR:ssl_client_socket_impl.cc(962)] handshake failed; returned -1, SSL error code 1, net_error -202
[0216/222905.987:ERROR:ssl_client_socket_impl.cc(962)] handshake failed; returned -1, SSL error code 1, net_error -202
[0216/222906.054:ERROR:ssl_client_socket_impl.cc(962)] handshake failed; returned -1, SSL error code 1, net_error -202
[0216/222906.055:ERROR:ssl_client_socket_impl.cc(962)] handshake failed; returned -1, SSL error code 1, net_error -202
[0216/222906.079:ERROR:ssl_client_socket_impl.cc(962)] handshake failed; returned -1, SSL error code 1, net_error -202
[0216/222906.081:INFO:CONSOLE(67)] "Ignore config query 'Call Stack'(/CPUParentCallStack) because of duplicate display name!", source: https://127.0.0.1:62108/htmlutil/htmlutil-605129.js (67)
[0216/222906.081:INFO:CONSOLE(67)] "Ignore config query 'Thread'(/GenericThread) because of duplicate display name!", source: https://127.0.0.1:62108/htmlutil/htmlutil-605129.js (67)
[0216/222906.086:ERROR:ssl_client_socket_impl.cc(962)] handshake failed; returned -1, SSL error code 1, net_error -202
[0216/222906.092:ERROR:ssl_client_socket_impl.cc(962)] handshake failed; returned -1, SSL error code 1, net_error -202
[0216/222906.102:ERROR:ssl_client_socket_impl.cc(962)] handshake failed; returned -1, SSL error code 1, net_error -202
[0216/222906.106:ERROR:ssl_client_socket_impl.cc(962)] handshake failed; returned -1, SSL error code 1, net_error -202
[0216/222906.110:ERROR:ssl_client_socket_impl.cc(962)] handshake failed; returned -1, SSL error code 1, net_error -202
[0216/222906.112:ERROR:ssl_client_socket_impl.cc(962)] handshake failed; returned -1, SSL error code 1, net_error -202
[0216/222906.135:ERROR:ssl_client_socket_impl.cc(962)] handshake failed; returned -1, SSL error code 1, net_error -202
[0216/222906.158:ERROR:ssl_client_socket_impl.cc(962)] handshake failed; returned -1, SSL error code 1, net_error -202
[0216/222906.162:ERROR:ssl_client_socket_impl.cc(962)] handshake failed; returned -1, SSL error code 1, net_error -202
[0216/222906.182:ERROR:ssl_client_socket_impl.cc(962)] handshake failed; returned -1, SSL error code 1, net_error -202
[0216/222906.192:ERROR:ssl_client_socket_impl.cc(962)] handshake failed; returned -1, SSL error code 1, net_error -202
[0216/222906.198:ERROR:ssl_client_socket_impl.cc(962)] handshake failed; returned -1, SSL error code 1, net_error -202
[0216/222906.212:ERROR:ssl_client_socket_impl.cc(962)] handshake failed; returned -1, SSL error code 1, net_error -202
[0216/222906.217:ERROR:ssl_client_socket_impl.cc(962)] handshake failed; returned -1, SSL error code 1, net_error -202
[0216/222906.226:ERROR:ssl_client_socket_impl.cc(962)] handshake failed; returned -1, SSL error code 1, net_error -202
[0216/222906.239:ERROR:ssl_client_socket_impl.cc(962)] handshake failed; returned -1, SSL error code 1, net_error -202
[0216/222906.251:ERROR:ssl_client_socket_impl.cc(962)] handshake failed; returned -1, SSL error code 1, net_error -202
[0216/222906.266:ERROR:ssl_client_socket_impl.cc(962)] handshake failed; returned -1, SSL error code 1, net_error -202
[0216/222906.275:ERROR:ssl_client_socket_impl.cc(962)] handshake failed; returned -1, SSL error code 1, net_error -202
[0216/222906.331:INFO:CONSOLE(67)] "No selection filter is set yet", source: https://127.0.0.1:62108/htmlutil/htmlutil-605129.js (67)
[0216/222928.925:ERROR:ssl_client_socket_impl.cc(962)] handshake failed; returned -1, SSL error code 1, net_error -202
[0216/222951.823:ERROR:ssl_client_socket_impl.cc(962)] handshake failed; returned -1, SSL error code 1, net_error -202
[0216/223005.471:ERROR:ssl_client_socket_impl.cc(962)] handshake failed; returned -1, SSL error code 1, net_error -202
[0216/223009.624:ERROR:ssl_client_socket_impl.cc(962)] handshake failed; returned -1, SSL error code 1, net_error -202
[0216/223010.013:ERROR:ssl_client_socket_impl.cc(962)] handshake failed; returned -1, SSL error code 1, net_error -202
[0216/223026.872:ERROR:ssl_client_socket_impl.cc(962)] handshake failed; returned -1, SSL error code 1, net_error -202
[0217/111524.728:WARNING:dns_config_service_win.cc(665)] Failed to read DnsConfig.
[0217/121641.423:WARNING:dns_config_service_win.cc(665)] Failed to read DnsConfig.
[0217/121646.426:WARNING:dns_config_service_win.cc(665)] Failed to read DnsConfig.
[0217/121651.429:WARNING:dns_config_service_win.cc(665)] Failed to read DnsConfig.
[0217/121656.432:WARNING:dns_config_service_win.cc(665)] Failed to read DnsConfig.
[0217/121701.437:WARNING:dns_config_service_win.cc(665)] Failed to read DnsConfig.
[0217/121706.441:WARNING:dns_config_service_win.cc(665)] Failed to read DnsConfig.
[0217/121711.443:WARNING:dns_config_service_win.cc(665)] Failed to read DnsConfig.
[0217/121716.448:WARNING:dns_config_service_win.cc(665)] Failed to read DnsConfig.
[0217/121721.450:WARNING:dns_config_service_win.cc(665)] Failed to read DnsConfig.
[0217/121856.416:WARNING:dns_config_service_win.cc(665)] Failed to read DnsConfig.
[0217/121901.420:WARNING:dns_config_service_win.cc(665)] Failed to read DnsConfig.
[0217/121906.423:WARNING:dns_config_service_win.cc(665)] Failed to read DnsConfig.
[0217/121911.427:WARNING:dns_config_service_win.cc(665)] Failed to read DnsConfig.
[0217/121916.432:WARNING:dns_config_service_win.cc(665)] Failed to read DnsConfig.
[0217/121921.437:WARNING:dns_config_service_win.cc(665)] Failed to read DnsConfig.
[0217/121926.441:WARNING:dns_config_service_win.cc(665)] Failed to read DnsConfig.
[0217/121931.445:WARNING:dns_config_service_win.cc(665)] Failed to read DnsConfig.
[0217/121936.448:WARNING:dns_config_service_win.cc(665)] Failed to read DnsConfig.
[0217/121941.451:WARNING:dns_config_service_win.cc(665)] Failed to read DnsConfig.
[0217/121946.453:WARNING:dns_config_service_win.cc(665)] Failed to read DnsConfig.
[0217/121951.456:WARNING:dns_config_service_win.cc(665)] Failed to read DnsConfig.
[0217/121956.459:WARNING:dns_config_service_win.cc(665)] Failed to read DnsConfig.
[0217/121956.672:WARNING:dns_config_service_win.cc(665)] Failed to read DnsConfig.
[0217/121957.155:WARNING:dns_config_service_win.cc(665)] Failed to read DnsConfig.
[0217/122001.462:WARNING:dns_config_service_win.cc(665)] Failed to read DnsConfig.
[0217/122001.676:WARNING:dns_config_service_win.cc(665)] Failed to read DnsConfig.
[0217/122002.158:WARNING:dns_config_service_win.cc(665)] Failed to read DnsConfig.
[0217/122006.465:WARNING:dns_config_service_win.cc(665)] Failed to read DnsConfig.
[0217/122006.678:WARNING:dns_config_service_win.cc(665)] Failed to read DnsConfig.
[0217/122007.164:WARNING:dns_config_service_win.cc(665)] Failed to read DnsConfig.
[0217/122056.412:WARNING:dns_config_service_win.cc(665)] Failed to read DnsConfig.
[0217/122101.415:WARNING:dns_config_service_win.cc(665)] Failed to read DnsConfig.
[0217/122106.420:WARNING:dns_config_service_win.cc(665)] Failed to read DnsConfig.
[0217/122111.424:WARNING:dns_config_service_win.cc(665)] Failed to read DnsConfig.
[0217/122116.428:WARNING:dns_config_service_win.cc(665)] Failed to read DnsConfig.
[0217/122121.432:WARNING:dns_config_service_win.cc(665)] Failed to read DnsConfig.
[0217/122126.436:WARNING:dns_config_service_win.cc(665)] Failed to read DnsConfig.
[0217/122131.439:WARNING:dns_config_service_win.cc(665)] Failed to read DnsConfig.
[0217/122136.443:WARNING:dns_config_service_win.cc(665)] Failed to read DnsConfig.
[0217/122311.409:WARNING:dns_config_service_win.cc(665)] Failed to read DnsConfig.
[0217/122316.414:WARNING:dns_config_service_win.cc(665)] Failed to read DnsConfig.
[0217/122321.415:WARNING:dns_config_service_win.cc(665)] Failed to read DnsConfig.
[0217/122326.419:WARNING:dns_config_service_win.cc(665)] Failed to read DnsConfig.
[0217/122331.422:WARNING:dns_config_service_win.cc(665)] Failed to read DnsConfig.
[0217/122336.426:WARNING:dns_config_service_win.cc(665)] Failed to read DnsConfig.
[0217/122341.431:WARNING:dns_config_service_win.cc(665)] Failed to read DnsConfig.
[0217/122346.439:WARNING:dns_config_service_win.cc(665)] Failed to read DnsConfig.
[0217/122351.443:WARNING:dns_config_service_win.cc(665)] Failed to read DnsConfig.
[0217/122356.448:WARNING:dns_config_service_win.cc(665)] Failed to read DnsConfig.
[0217/122401.452:WARNING:dns_config_service_win.cc(665)] Failed to read DnsConfig.
[0217/122406.458:WARNING:dns_config_service_win.cc(665)] Failed to read DnsConfig.
[0217/122526.414:WARNING:dns_config_service_win.cc(665)] Failed to read DnsConfig.
[0217/122531.418:WARNING:dns_config_service_win.cc(665)] Failed to read DnsConfig.
[0217/122536.426:WARNING:dns_config_service_win.cc(665)] Failed to read DnsConfig.
[0217/122541.435:WARNING:dns_config_service_win.cc(665)] Failed to read DnsConfig.
[0217/122546.440:WARNING:dns_config_service_win.cc(665)] Failed to read DnsConfig.
[0217/122551.447:WARNING:dns_config_service_win.cc(665)] Failed to read DnsConfig.
[0217/122556.455:WARNING:dns_config_service_win.cc(665)] Failed to read DnsConfig.
[0217/122601.462:WARNING:dns_config_service_win.cc(665)] Failed to read DnsConfig.
[0217/122606.471:WARNING:dns_config_service_win.cc(665)] Failed to read DnsConfig.
[0217/122656.409:WARNING:dns_config_service_win.cc(665)] Failed to read DnsConfig.
[0217/122701.417:WARNING:dns_config_service_win.cc(665)] Failed to read DnsConfig.
[0217/122706.419:WARNING:dns_config_service_win.cc(665)] Failed to read DnsConfig.
[0217/122711.424:WARNING:dns_config_service_win.cc(665)] Failed to read DnsConfig.
[0217/122716.431:WARNING:dns_config_service_win.cc(665)] Failed to read DnsConfig.
[0217/122721.439:WARNING:dns_config_service_win.cc(665)] Failed to read DnsConfig.
[0217/122726.450:WARNING:dns_config_service_win.cc(665)] Failed to read DnsConfig.
[0217/122731.454:WARNING:dns_config_service_win.cc(665)] Failed to read DnsConfig.
[0217/122736.458:WARNING:dns_config_service_win.cc(665)] Failed to read DnsConfig.
[0217/122941.426:WARNING:dns_config_service_win.cc(665)] Failed to read DnsConfig.
[0217/122946.430:WARNING:dns_config_service_win.cc(665)] Failed to read DnsConfig.
[0217/122951.434:WARNING:dns_config_service_win.cc(665)] Failed to read DnsConfig.
[0217/122956.438:WARNING:dns_config_service_win.cc(665)] Failed to read DnsConfig.
[0217/123001.442:WARNING:dns_config_service_win.cc(665)] Failed to read DnsConfig.
[0217/123006.445:WARNING:dns_config_service_win.cc(665)] Failed to read DnsConfig.
[0217/123011.449:WARNING:dns_config_service_win.cc(665)] Failed to read DnsConfig.
[0217/123016.455:WARNING:dns_config_service_win.cc(665)] Failed to read DnsConfig.
[0217/123021.462:WARNING:dns_config_service_win.cc(665)] Failed to read DnsConfig.
[0217/123156.409:WARNING:dns_config_service_win.cc(665)] Failed to read DnsConfig.
[0217/123201.414:WARNING:dns_config_service_win.cc(665)] Failed to read DnsConfig.
[0217/123206.421:WARNING:dns_config_service_win.cc(665)] Failed to read DnsConfig.
[0217/123211.428:WARNING:dns_config_service_win.cc(665)] Failed to read DnsConfig.
[0217/123216.434:WARNING:dns_config_service_win.cc(665)] Failed to read DnsConfig.
[0217/123221.440:WARNING:dns_config_service_win.cc(665)] Failed to read DnsConfig.
[0217/123226.444:WARNING:dns_config_service_win.cc(665)] Failed to read DnsConfig.
[0217/123231.453:WARNING:dns_config_service_win.cc(665)] Failed to read DnsConfig.
[0217/123236.458:WARNING:dns_config_service_win.cc(665)] Failed to read DnsConfig.
[0217/123241.462:WARNING:dns_config_service_win.cc(665)] Failed to read DnsConfig.
[0217/123246.464:WARNING:dns_config_service_win.cc(665)] Failed to read DnsConfig.
[0217/123251.471:WARNING:dns_config_service_win.cc(665)] Failed to read DnsConfig.
[0217/123411.119:WARNING:dns_config_service_win.cc(665)] Failed to read DnsConfig.
[0217/123416.128:WARNING:dns_config_service_win.cc(665)] Failed to read DnsConfig.
[0217/123421.136:WARNING:dns_config_service_win.cc(665)] Failed to read DnsConfig.
[0217/123426.140:WARNING:dns_config_service_win.cc(665)] Failed to read DnsConfig.
[0217/123431.145:WARNING:dns_config_service_win.cc(665)] Failed to read DnsConfig.
[0217/123436.153:WARNING:dns_config_service_win.cc(665)] Failed to read DnsConfig.
[0217/123441.161:WARNING:dns_config_service_win.cc(665)] Failed to read DnsConfig.
[0217/123446.165:WARNING:dns_config_service_win.cc(665)] Failed to read DnsConfig.
[0217/123451.171:WARNING:dns_config_service_win.cc(665)] Failed to read DnsConfig.
[0217/123541.418:WARNING:dns_config_service_win.cc(665)] Failed to read DnsConfig.
[0217/123546.422:WARNING:dns_config_service_win.cc(665)] Failed to read DnsConfig.
[0217/123551.425:WARNING:dns_config_service_win.cc(665)] Failed to read DnsConfig.
[0217/123556.430:WARNING:dns_config_service_win.cc(665)] Failed to read DnsConfig.
[0217/123601.434:WARNING:dns_config_service_win.cc(665)] Failed to read DnsConfig.
[0217/123606.441:WARNING:dns_config_service_win.cc(665)] Failed to read DnsConfig.
[0217/123611.445:WARNING:dns_config_service_win.cc(665)] Failed to read DnsConfig.
[0217/123616.449:WARNING:dns_config_service_win.cc(665)] Failed to read DnsConfig.
[0217/123621.455:WARNING:dns_config_service_win.cc(665)] Failed to read DnsConfig.
[0217/123726.409:WARNING:dns_config_service_win.cc(665)] Failed to read DnsConfig.
[0217/123731.418:WARNING:dns_config_service_win.cc(665)] Failed to read DnsConfig.
[0217/123736.427:WARNING:dns_config_service_win.cc(665)] Failed to read DnsConfig.
[0217/123741.434:WARNING:dns_config_service_win.cc(665)] Failed to read DnsConfig.
[0217/123746.438:WARNING:dns_config_service_win.cc(665)] Failed to read DnsConfig.
[0217/123751.443:WARNING:dns_config_service_win.cc(665)] Failed to read DnsConfig.
[0217/123756.445:WARNING:dns_config_service_win.cc(665)] Failed to read DnsConfig.
[0217/123801.449:WARNING:dns_config_service_win.cc(665)] Failed to read DnsConfig.
[0217/123806.454:WARNING:dns_config_service_win.cc(665)] Failed to read DnsConfig.
[0217/123856.412:WARNING:dns_config_service_win.cc(665)] Failed to read DnsConfig.
[0217/123901.416:WARNING:dns_config_service_win.cc(665)] Failed to read DnsConfig.
[0217/123906.419:WARNING:dns_config_service_win.cc(665)] Failed to read DnsConfig.
[0217/123911.421:WARNING:dns_config_service_win.cc(665)] Failed to read DnsConfig.
[0217/123916.426:WARNING:dns_config_service_win.cc(665)] Failed to read DnsConfig.
[0217/123921.430:WARNING:dns_config_service_win.cc(665)] Failed to read DnsConfig.
[0217/123926.434:WARNING:dns_config_service_win.cc(665)] Failed to read DnsConfig.
[0217/123931.438:WARNING:dns_config_service_win.cc(665)] Failed to read DnsConfig.
[0217/123936.442:WARNING:dns_config_service_win.cc(665)] Failed to read DnsConfig.
[0217/124111.420:WARNING:dns_config_service_win.cc(665)] Failed to read DnsConfig.
[0217/124116.424:WARNING:dns_config_service_win.cc(665)] Failed to read DnsConfig.
[0217/124121.427:WARNING:dns_config_service_win.cc(665)] Failed to read DnsConfig.
[0217/124126.431:WARNING:dns_config_service_win.cc(665)] Failed to read DnsConfig.
[0217/124131.437:WARNING:dns_config_service_win.cc(665)] Failed to read DnsConfig.
[0217/124136.442:WARNING:dns_config_service_win.cc(665)] Failed to read DnsConfig.
[0217/124141.444:WARNING:dns_config_service_win.cc(665)] Failed to read DnsConfig.
[0217/124146.448:WARNING:dns_config_service_win.cc(665)] Failed to read DnsConfig.
[0217/124151.451:WARNING:dns_config_service_win.cc(665)] Failed to read DnsConfig.
[0217/124156.455:WARNING:dns_config_service_win.cc(665)] Failed to read DnsConfig.
[0217/124201.459:WARNING:dns_config_service_win.cc(665)] Failed to read DnsConfig.
[0217/124206.463:WARNING:dns_config_service_win.cc(665)] Failed to read DnsConfig.
[0217/124356.419:WARNING:dns_config_service_win.cc(665)] Failed to read DnsConfig.
[0217/124401.424:WARNING:dns_config_service_win.cc(665)] Failed to read DnsConfig.
[0217/124406.427:WARNING:dns_config_service_win.cc(665)] Failed to read DnsConfig.
[0217/124411.431:WARNING:dns_config_service_win.cc(665)] Failed to read DnsConfig.
[0217/124416.435:WARNING:dns_config_service_win.cc(665)] Failed to read DnsConfig.
[0217/124421.438:WARNING:dns_config_service_win.cc(665)] Failed to read DnsConfig.
[0217/124426.441:WARNING:dns_config_service_win.cc(665)] Failed to read DnsConfig.
[0217/124431.445:WARNING:dns_config_service_win.cc(665)] Failed to read DnsConfig.
[0217/124436.449:WARNING:dns_config_service_win.cc(665)] Failed to read DnsConfig.
[0217/124441.454:WARNING:dns_config_service_win.cc(665)] Failed to read DnsConfig.
[0217/124446.459:WARNING:dns_config_service_win.cc(665)] Failed to read DnsConfig.
[0217/124451.463:WARNING:dns_config_service_win.cc(665)] Failed to read DnsConfig.
[0217/124641.406:WARNING:dns_config_service_win.cc(665)] Failed to read DnsConfig.
[0217/124646.408:WARNING:dns_config_service_win.cc(665)] Failed to read DnsConfig.
[0217/124651.411:WARNING:dns_config_service_win.cc(665)] Failed to read DnsConfig.
[0217/124656.415:WARNING:dns_config_service_win.cc(665)] Failed to read DnsConfig.
[0217/124701.419:WARNING:dns_config_service_win.cc(665)] Failed to read DnsConfig.
[0217/124706.422:WARNING:dns_config_service_win.cc(665)] Failed to read DnsConfig.
[0217/124711.426:WARNING:dns_config_service_win.cc(665)] Failed to read DnsConfig.
[0217/124716.430:WARNING:dns_config_service_win.cc(665)] Failed to read DnsConfig.
[0217/124721.434:WARNING:dns_config_service_win.cc(665)] Failed to read DnsConfig.
[0217/124726.437:WARNING:dns_config_service_win.cc(665)] Failed to read DnsConfig.
[0217/124731.440:WARNING:dns_config_service_win.cc(665)] Failed to read DnsConfig.
[0217/124736.442:WARNING:dns_config_service_win.cc(665)] Failed to read DnsConfig.
[0217/124926.410:WARNING:dns_config_service_win.cc(665)] Failed to read DnsConfig.
[0217/124931.415:WARNING:dns_config_service_win.cc(665)] Failed to read DnsConfig.
[0217/124936.417:WARNING:dns_config_service_win.cc(665)] Failed to read DnsConfig.
[0217/124941.420:WARNING:dns_config_service_win.cc(665)] Failed to read DnsConfig.
[0217/124946.423:WARNING:dns_config_service_win.cc(665)] Failed to read DnsConfig.
[0217/124951.427:WARNING:dns_config_service_win.cc(665)] Failed to read DnsConfig.
[0217/124956.433:WARNING:dns_config_service_win.cc(665)] Failed to read DnsConfig.
[0217/125001.438:WARNING:dns_config_service_win.cc(665)] Failed to read DnsConfig.
[0217/125006.441:WARNING:dns_config_service_win.cc(665)] Failed to read DnsConfig.
[0217/125141.404:WARNING:dns_config_service_win.cc(665)] Failed to read DnsConfig.
[0217/125146.409:WARNING:dns_config_service_win.cc(665)] Failed to read DnsConfig.
[0217/125151.413:WARNING:dns_config_service_win.cc(665)] Failed to read DnsConfig.
[0217/125156.416:WARNING:dns_config_service_win.cc(665)] Failed to read DnsConfig.
[0217/125201.421:WARNING:dns_config_service_win.cc(665)] Failed to read DnsConfig.
[0217/125206.424:WARNING:dns_config_service_win.cc(665)] Failed to read DnsConfig.
[0217/125211.428:WARNING:dns_config_service_win.cc(665)] Failed to read DnsConfig.
[0217/125216.430:WARNING:dns_config_service_win.cc(665)] Failed to read DnsConfig.
[0217/125221.435:WARNING:dns_config_service_win.cc(665)] Failed to read DnsConfig.
[0217/125356.421:WARNING:dns_config_service_win.cc(665)] Failed to read DnsConfig.
[0217/125401.424:WARNING:dns_config_service_win.cc(665)] Failed to read DnsConfig.
[0217/125406.428:WARNING:dns_config_service_win.cc(665)] Failed to read DnsConfig.
[0217/125411.431:WARNING:dns_config_service_win.cc(665)] Failed to read DnsConfig.
[0217/125416.435:WARNING:dns_config_service_win.cc(665)] Failed to read DnsConfig.
[0217/125421.440:WARNING:dns_config_service_win.cc(665)] Failed to read DnsConfig.
[0217/125426.443:WARNING:dns_config_service_win.cc(665)] Failed to read DnsConfig.
[0217/125431.445:WARNING:dns_config_service_win.cc(665)] Failed to read DnsConfig.
[0217/125436.449:WARNING:dns_config_service_win.cc(665)] Failed to read DnsConfig.
[0217/125441.452:WARNING:dns_config_service_win.cc(665)] Failed to read DnsConfig.
[0217/125446.457:WARNING:dns_config_service_win.cc(665)] Failed to read DnsConfig.
[0217/125451.461:WARNING:dns_config_service_win.cc(665)] Failed to read DnsConfig.
[0217/125611.406:WARNING:dns_config_service_win.cc(665)] Failed to read DnsConfig.
[0217/125616.409:WARNING:dns_config_service_win.cc(665)] Failed to read DnsConfig.
[0217/125621.412:WARNING:dns_config_service_win.cc(665)] Failed to read DnsConfig.
[0217/125626.416:WARNING:dns_config_service_win.cc(665)] Failed to read DnsConfig.
[0217/125631.419:WARNING:dns_config_service_win.cc(665)] Failed to read DnsConfig.
[0217/125636.424:WARNING:dns_config_service_win.cc(665)] Failed to read DnsConfig.
[0217/125641.427:WARNING:dns_config_service_win.cc(665)] Failed to read DnsConfig.
[0217/125646.430:WARNING:dns_config_service_win.cc(665)] Failed to read DnsConfig.
[0217/125651.433:WARNING:dns_config_service_win.cc(665)] Failed to read DnsConfig.
[0217/125741.411:WARNING:dns_config_service_win.cc(665)] Failed to read DnsConfig.
[0217/125746.415:WARNING:dns_config_service_win.cc(665)] Failed to read DnsConfig.
[0217/125751.419:WARNING:dns_config_service_win.cc(665)] Failed to read DnsConfig.
[0217/125756.423:WARNING:dns_config_service_win.cc(665)] Failed to read DnsConfig.
[0217/125801.428:WARNING:dns_config_service_win.cc(665)] Failed to read DnsConfig.
[0217/125806.431:WARNING:dns_config_service_win.cc(665)] Failed to read DnsConfig.
[0217/125811.435:WARNING:dns_config_service_win.cc(665)] Failed to read DnsConfig.
[0217/125816.437:WARNING:dns_config_service_win.cc(665)] Failed to read DnsConfig.
[0217/125821.442:WARNING:dns_config_service_win.cc(665)] Failed to read DnsConfig.
[0217/125956.413:WARNING:dns_config_service_win.cc(665)] Failed to read DnsConfig.
[0217/130001.418:WARNING:dns_config_service_win.cc(665)] Failed to read DnsConfig.
[0217/130006.423:WARNING:dns_config_service_win.cc(665)] Failed to read DnsConfig.
[0217/130011.427:WARNING:dns_config_service_win.cc(665)] Failed to read DnsConfig.
[0217/130016.429:WARNING:dns_config_service_win.cc(665)] Failed to read DnsConfig.
[0217/130021.433:WARNING:dns_config_service_win.cc(665)] Failed to read DnsConfig.
[0217/130026.436:WARNING:dns_config_service_win.cc(665)] Failed to read DnsConfig.
[0217/130031.439:WARNING:dns_config_service_win.cc(665)] Failed to read DnsConfig.
[0217/130036.444:WARNING:dns_config_service_win.cc(665)] Failed to read DnsConfig.
[0217/130041.447:WARNING:dns_config_service_win.cc(665)] Failed to read DnsConfig.
[0217/130046.450:WARNING:dns_config_service_win.cc(665)] Failed to read DnsConfig.
[0217/130051.455:WARNING:dns_config_service_win.cc(665)] Failed to read DnsConfig.
[0217/130211.117:WARNING:dns_config_service_win.cc(665)] Failed to read DnsConfig.
[0217/130216.121:WARNING:dns_config_service_win.cc(665)] Failed to read DnsConfig.
[0217/130221.128:WARNING:dns_config_service_win.cc(665)] Failed to read DnsConfig.
[0217/130226.131:WARNING:dns_config_service_win.cc(665)] Failed to read DnsConfig.
[0217/130231.140:WARNING:dns_config_service_win.cc(665)] Failed to read DnsConfig.
[0217/130236.143:WARNING:dns_config_service_win.cc(665)] Failed to read DnsConfig.
[0217/130241.146:WARNING:dns_config_service_win.cc(665)] Failed to read DnsConfig.
[0217/130246.150:WARNING:dns_config_service_win.cc(665)] Failed to read DnsConfig.
[0217/130251.154:WARNING:dns_config_service_win.cc(665)] Failed to read DnsConfig.
[0217/130411.410:WARNING:dns_config_service_win.cc(665)] Failed to read DnsConfig.
[0217/130416.415:WARNING:dns_config_service_win.cc(665)] Failed to read DnsConfig.
[0217/130421.419:WARNING:dns_config_service_win.cc(665)] Failed to read DnsConfig.
[0217/130426.423:WARNING:dns_config_service_win.cc(665)] Failed to read DnsConfig.
[0217/130431.426:WARNING:dns_config_service_win.cc(665)] Failed to read DnsConfig.
[0217/130436.429:WARNING:dns_config_service_win.cc(665)] Failed to read DnsConfig.
[0217/130441.432:WARNING:dns_config_service_win.cc(665)] Failed to read DnsConfig.
[0217/130446.437:WARNING:dns_config_service_win.cc(665)] Failed to read DnsConfig.
[0217/130451.444:WARNING:dns_config_service_win.cc(665)] Failed to read DnsConfig.
[0217/130541.414:WARNING:dns_config_service_win.cc(665)] Failed to read DnsConfig.
[0217/130546.419:WARNING:dns_config_service_win.cc(665)] Failed to read DnsConfig.
[0217/130551.423:WARNING:dns_config_service_win.cc(665)] Failed to read DnsConfig.
[0217/130556.427:WARNING:dns_config_service_win.cc(665)] Failed to read DnsConfig.
[0217/130601.433:WARNING:dns_config_service_win.cc(665)] Failed to read DnsConfig.
[0217/130606.437:WARNING:dns_config_service_win.cc(665)] Failed to read DnsConfig.
[0217/130611.440:WARNING:dns_config_service_win.cc(665)] Failed to read DnsConfig.
[0217/130616.444:WARNING:dns_config_service_win.cc(665)] Failed to read DnsConfig.
[0217/130621.452:WARNING:dns_config_service_win.cc(665)] Failed to read DnsConfig.
[0217/130756.410:WARNING:dns_config_service_win.cc(665)] Failed to read DnsConfig.
[0217/130801.413:WARNING:dns_config_service_win.cc(665)] Failed to read DnsConfig.
[0217/130806.417:WARNING:dns_config_service_win.cc(665)] Failed to read DnsConfig.
[0217/130811.424:WARNING:dns_config_service_win.cc(665)] Failed to read DnsConfig.
[0217/130816.432:WARNING:dns_config_service_win.cc(665)] Failed to read DnsConfig.
[0217/130821.437:WARNING:dns_config_service_win.cc(665)] Failed to read DnsConfig.
[0217/130826.441:WARNING:dns_config_service_win.cc(665)] Failed to read DnsConfig.
[0217/130831.448:WARNING:dns_config_service_win.cc(665)] Failed to read DnsConfig.
[0217/130836.453:WARNING:dns_config_service_win.cc(665)] Failed to read DnsConfig.
[0217/130841.461:WARNING:dns_config_service_win.cc(665)] Failed to read DnsConfig.
[0217/130846.468:WARNING:dns_config_service_win.cc(665)] Failed to read DnsConfig.
[0217/130851.476:WARNING:dns_config_service_win.cc(665)] Failed to read DnsConfig.
[0217/131011.410:WARNING:dns_config_service_win.cc(665)] Failed to read DnsConfig.
[0217/131016.414:WARNING:dns_config_service_win.cc(665)] Failed to read DnsConfig.
[0217/131021.417:WARNING:dns_config_service_win.cc(665)] Failed to read DnsConfig.
[0217/131026.421:WARNING:dns_config_service_win.cc(665)] Failed to read DnsConfig.
[0217/131031.424:WARNING:dns_config_service_win.cc(665)] Failed to read DnsConfig.
[0217/131036.432:WARNING:dns_config_service_win.cc(665)] Failed to read DnsConfig.
[0217/131041.441:WARNING:dns_config_service_win.cc(665)] Failed to read DnsConfig.
[0217/131046.444:WARNING:dns_config_service_win.cc(665)] Failed to read DnsConfig.
[0217/131051.449:WARNING:dns_config_service_win.cc(665)] Failed to read DnsConfig.
[0217/131211.416:WARNING:dns_config_service_win.cc(665)] Failed to read DnsConfig.
[0217/131216.420:WARNING:dns_config_service_win.cc(665)] Failed to read DnsConfig.
[0217/131221.426:WARNING:dns_config_service_win.cc(665)] Failed to read DnsConfig.
[0217/131226.429:WARNING:dns_config_service_win.cc(665)] Failed to read DnsConfig.
[0217/131231.435:WARNING:dns_config_service_win.cc(665)] Failed to read DnsConfig.
[0217/131236.442:WARNING:dns_config_service_win.cc(665)] Failed to read DnsConfig.
[0217/131241.446:WARNING:dns_config_service_win.cc(665)] Failed to read DnsConfig.
[0217/131246.449:WARNING:dns_config_service_win.cc(665)] Failed to read DnsConfig.
[0217/131251.454:WARNING:dns_config_service_win.cc(665)] Failed to read DnsConfig.
[0217/131341.399:WARNING:dns_config_service_win.cc(665)] Failed to read DnsConfig.
[0217/131346.402:WARNING:dns_config_service_win.cc(665)] Failed to read DnsConfig.
[0217/131351.409:WARNING:dns_config_service_win.cc(665)] Failed to read DnsConfig.
[0217/131356.414:WARNING:dns_config_service_win.cc(665)] Failed to read DnsConfig.
[0217/131401.418:WARNING:dns_config_service_win.cc(665)] Failed to read DnsConfig.
[0217/131406.421:WARNING:dns_config_service_win.cc(665)] Failed to read DnsConfig.
[0217/131411.424:WARNING:dns_config_service_win.cc(665)] Failed to read DnsConfig.
[0217/131416.428:WARNING:dns_config_service_win.cc(665)] Failed to read DnsConfig.
[0217/131421.432:WARNING:dns_config_service_win.cc(665)] Failed to read DnsConfig.
[0217/131726.418:WARNING:dns_config_service_win.cc(665)] Failed to read DnsConfig.
[0217/131731.423:WARNING:dns_config_service_win.cc(665)] Failed to read DnsConfig.
[0217/131736.427:WARNING:dns_config_service_win.cc(665)] Failed to read DnsConfig.
[0217/131741.431:WARNING:dns_config_service_win.cc(665)] Failed to read DnsConfig.
[0217/131746.437:WARNING:dns_config_service_win.cc(665)] Failed to read DnsConfig.
[0217/131751.441:WARNING:dns_config_service_win.cc(665)] Failed to read DnsConfig.
[0217/131756.444:WARNING:dns_config_service_win.cc(665)] Failed to read DnsConfig.
[0217/131801.449:WARNING:dns_config_service_win.cc(665)] Failed to read DnsConfig.
[0217/131806.458:WARNING:dns_config_service_win.cc(665)] Failed to read DnsConfig.
[0217/131811.462:WARNING:dns_config_service_win.cc(665)] Failed to read DnsConfig.
[0217/131816.465:WARNING:dns_config_service_win.cc(665)] Failed to read DnsConfig.
[0217/131821.473:WARNING:dns_config_service_win.cc(665)] Failed to read DnsConfig.
[0217/131956.419:WARNING:dns_config_service_win.cc(665)] Failed to read DnsConfig.
[0217/132001.422:WARNING:dns_config_service_win.cc(665)] Failed to read DnsConfig.
[0217/132006.429:WARNING:dns_config_service_win.cc(665)] Failed to read DnsConfig.
[0217/132011.433:WARNING:dns_config_service_win.cc(665)] Failed to read DnsConfig.
[0217/132016.438:WARNING:dns_config_service_win.cc(665)] Failed to read DnsConfig.
[0217/132021.443:WARNING:dns_config_service_win.cc(665)] Failed to read DnsConfig.
[0217/132026.446:WARNING:dns_config_service_win.cc(665)] Failed to read DnsConfig.
[0217/132031.454:WARNING:dns_config_service_win.cc(665)] Failed to read DnsConfig.
[0217/132036.458:WARNING:dns_config_service_win.cc(665)] Failed to read DnsConfig.
[0217/132041.462:WARNING:dns_config_service_win.cc(665)] Failed to read DnsConfig.
[0217/132046.470:WARNING:dns_config_service_win.cc(665)] Failed to read DnsConfig.
[0217/132051.474:WARNING:dns_config_service_win.cc(665)] Failed to read DnsConfig.
[0217/132241.421:WARNING:dns_config_service_win.cc(665)] Failed to read DnsConfig.
[0217/132246.425:WARNING:dns_config_service_win.cc(665)] Failed to read DnsConfig.
[0217/132251.428:WARNING:dns_config_service_win.cc(665)] Failed to read DnsConfig.
[0217/132256.433:WARNING:dns_config_service_win.cc(665)] Failed to read DnsConfig.
[0217/132301.437:WARNING:dns_config_service_win.cc(665)] Failed to read DnsConfig.
[0217/132306.440:WARNING:dns_config_service_win.cc(665)] Failed to read DnsConfig.
[0217/132311.449:WARNING:dns_config_service_win.cc(665)] Failed to read DnsConfig.
[0217/132316.454:WARNING:dns_config_service_win.cc(665)] Failed to read DnsConfig.
[0217/132321.462:WARNING:dns_config_service_win.cc(665)] Failed to read DnsConfig.
[0217/132326.466:WARNING:dns_config_service_win.cc(665)] Failed to read DnsConfig.
[0217/132331.474:WARNING:dns_config_service_win.cc(665)] Failed to read DnsConfig.
[0217/132336.481:WARNING:dns_config_service_win.cc(665)] Failed to read DnsConfig.
[0217/132526.109:WARNING:dns_config_service_win.cc(665)] Failed to read DnsConfig.
[0217/132531.113:WARNING:dns_config_service_win.cc(665)] Failed to read DnsConfig.
[0217/132536.116:WARNING:dns_config_service_win.cc(665)] Failed to read DnsConfig.
[0217/132541.122:WARNING:dns_config_service_win.cc(665)] Failed to read DnsConfig.
[0217/132546.127:WARNING:dns_config_service_win.cc(665)] Failed to read DnsConfig.
[0217/132551.133:WARNING:dns_config_service_win.cc(665)] Failed to read DnsConfig.
[0217/132556.138:WARNING:dns_config_service_win.cc(665)] Failed to read DnsConfig.
[0217/132601.145:WARNING:dns_config_service_win.cc(665)] Failed to read DnsConfig.
[0217/132606.154:WARNING:dns_config_service_win.cc(665)] Failed to read DnsConfig.
[0217/132611.159:WARNING:dns_config_service_win.cc(665)] Failed to read DnsConfig.
[0217/132616.162:WARNING:dns_config_service_win.cc(665)] Failed to read DnsConfig.
[0217/132621.172:WARNING:dns_config_service_win.cc(665)] Failed to read DnsConfig.
[0217/132625.921:WARNING:dns_config_service_win.cc(665)] Failed to read DnsConfig.
[0217/132626.175:WARNING:dns_config_service_win.cc(665)] Failed to read DnsConfig.
[0217/132626.403:WARNING:dns_config_service_win.cc(665)] Failed to read DnsConfig.
[0217/132630.923:WARNING:dns_config_service_win.cc(665)] Failed to read DnsConfig.
[0217/132631.180:WARNING:dns_config_service_win.cc(665)] Failed to read DnsConfig.
[0217/132631.412:WARNING:dns_config_service_win.cc(665)] Failed to read DnsConfig.
[0217/132635.928:WARNING:dns_config_service_win.cc(665)] Failed to read DnsConfig.
[0217/132636.184:WARNING:dns_config_service_win.cc(665)] Failed to read DnsConfig.
[0217/132636.419:WARNING:dns_config_service_win.cc(665)] Failed to read DnsConfig.
[0217/132640.931:WARNING:dns_config_service_win.cc(665)] Failed to read DnsConfig.
[0217/132641.191:WARNING:dns_config_service_win.cc(665)] Failed to read DnsConfig.
[0217/132641.425:WARNING:dns_config_service_win.cc(665)] Failed to read DnsConfig.
[0217/132645.938:WARNING:dns_config_service_win.cc(665)] Failed to read DnsConfig.
[0217/132646.195:WARNING:dns_config_service_win.cc(665)] Failed to read DnsConfig.
[0217/132646.431:WARNING:dns_config_service_win.cc(665)] Failed to read DnsConfig.
[0217/132650.942:WARNING:dns_config_service_win.cc(665)] Failed to read DnsConfig.
[0217/132651.199:WARNING:dns_config_service_win.cc(665)] Failed to read DnsConfig.
[0217/132651.436:WARNING:dns_config_service_win.cc(665)] Failed to read DnsConfig.
[0217/132655.946:WARNING:dns_config_service_win.cc(665)] Failed to read DnsConfig.
[0217/132656.204:WARNING:dns_config_service_win.cc(665)] Failed to read DnsConfig.
[0217/132656.440:WARNING:dns_config_service_win.cc(665)] Failed to read DnsConfig.
[0217/132700.952:WARNING:dns_config_service_win.cc(665)] Failed to read DnsConfig.
[0217/132701.207:WARNING:dns_config_service_win.cc(665)] Failed to read DnsConfig.
[0217/132701.444:WARNING:dns_config_service_win.cc(665)] Failed to read DnsConfig.
[0217/132705.959:WARNING:dns_config_service_win.cc(665)] Failed to read DnsConfig.
[0217/132706.213:WARNING:dns_config_service_win.cc(665)] Failed to read DnsConfig.
[0217/132706.447:WARNING:dns_config_service_win.cc(665)] Failed to read DnsConfig.
[0217/132811.109:WARNING:dns_config_service_win.cc(665)] Failed to read DnsConfig.
[0217/132816.113:WARNING:dns_config_service_win.cc(665)] Failed to read DnsConfig.
[0217/132821.117:WARNING:dns_config_service_win.cc(665)] Failed to read DnsConfig.
[0217/132826.123:WARNING:dns_config_service_win.cc(665)] Failed to read DnsConfig.
[0217/132831.128:WARNING:dns_config_service_win.cc(665)] Failed to read DnsConfig.
[0217/132836.133:WARNING:dns_config_service_win.cc(665)] Failed to read DnsConfig.
[0217/132841.136:WARNING:dns_config_service_win.cc(665)] Failed to read DnsConfig.
[0217/132846.141:WARNING:dns_config_service_win.cc(665)] Failed to read DnsConfig.
[0217/132851.145:WARNING:dns_config_service_win.cc(665)] Failed to read DnsConfig.
[0217/132941.411:WARNING:dns_config_service_win.cc(665)] Failed to read DnsConfig.
[0217/132946.414:WARNING:dns_config_service_win.cc(665)] Failed to read DnsConfig.
[0217/132951.417:WARNING:dns_config_service_win.cc(665)] Failed to read DnsConfig.
[0217/132956.419:WARNING:dns_config_service_win.cc(665)] Failed to read DnsConfig.
[0217/133001.426:WARNING:dns_config_service_win.cc(665)] Failed to read DnsConfig.
[0217/133006.429:WARNING:dns_config_service_win.cc(665)] Failed to read DnsConfig.
[0217/133011.433:WARNING:dns_config_service_win.cc(665)] Failed to read DnsConfig.
[0217/133016.437:WARNING:dns_config_service_win.cc(665)] Failed to read DnsConfig.
[0217/133021.439:WARNING:dns_config_service_win.cc(665)] Failed to read DnsConfig.
[0217/133025.918:WARNING:dns_config_service_win.cc(665)] Failed to read DnsConfig.
[0217/133026.412:WARNING:dns_config_service_win.cc(665)] Failed to read DnsConfig.
[0217/133026.443:WARNING:dns_config_service_win.cc(665)] Failed to read DnsConfig.
[0217/133030.922:WARNING:dns_config_service_win.cc(665)] Failed to read DnsConfig.
[0217/133031.416:WARNING:dns_config_service_win.cc(665)] Failed to read DnsConfig.
[0217/133031.449:WARNING:dns_config_service_win.cc(665)] Failed to read DnsConfig.
[0217/133035.924:WARNING:dns_config_service_win.cc(665)] Failed to read DnsConfig.
[0217/133036.421:WARNING:dns_config_service_win.cc(665)] Failed to read DnsConfig.
[0217/133036.454:WARNING:dns_config_service_win.cc(665)] Failed to read DnsConfig.
[0217/133040.931:WARNING:dns_config_service_win.cc(665)] Failed to read DnsConfig.
[0217/133041.428:WARNING:dns_config_service_win.cc(665)] Failed to read DnsConfig.
[0217/133041.458:WARNING:dns_config_service_win.cc(665)] Failed to read DnsConfig.
[0217/133045.940:WARNING:dns_config_service_win.cc(665)] Failed to read DnsConfig.
[0217/133046.432:WARNING:dns_config_service_win.cc(665)] Failed to read DnsConfig.
[0217/133046.466:WARNING:dns_config_service_win.cc(665)] Failed to read DnsConfig.
[0217/133050.948:WARNING:dns_config_service_win.cc(665)] Failed to read DnsConfig.
[0217/133051.437:WARNING:dns_config_service_win.cc(665)] Failed to read DnsConfig.
[0217/133051.470:WARNING:dns_config_service_win.cc(665)] Failed to read DnsConfig.
[0217/133055.952:WARNING:dns_config_service_win.cc(665)] Failed to read DnsConfig.
[0217/133056.441:WARNING:dns_config_service_win.cc(665)] Failed to read DnsConfig.
[0217/133056.473:WARNING:dns_config_service_win.cc(665)] Failed to read DnsConfig.
[0217/133100.956:WARNING:dns_config_service_win.cc(665)] Failed to read DnsConfig.
[0217/133101.444:WARNING:dns_config_service_win.cc(665)] Failed to read DnsConfig.
[0217/133101.478:WARNING:dns_config_service_win.cc(665)] Failed to read DnsConfig.
[0217/133105.959:WARNING:dns_config_service_win.cc(665)] Failed to read DnsConfig.
[0217/133106.450:WARNING:dns_config_service_win.cc(665)] Failed to read DnsConfig.
[0217/133106.482:WARNING:dns_config_service_win.cc(665)] Failed to read DnsConfig.
[0217/161339.648:WARNING:dns_config_service_win.cc(665)] Failed to read DnsConfig.
[0217/161344.653:WARNING:dns_config_service_win.cc(665)] Failed to read DnsConfig.
[0217/161349.660:WARNING:dns_config_service_win.cc(665)] Failed to read DnsConfig.
[0217/161354.668:WARNING:dns_config_service_win.cc(665)] Failed to read DnsConfig.
[0217/161359.672:WARNING:dns_config_service_win.cc(665)] Failed to read DnsConfig.
[0217/161404.677:WARNING:dns_config_service_win.cc(665)] Failed to read DnsConfig.
[0217/161409.681:WARNING:dns_config_service_win.cc(665)] Failed to read DnsConfig.
[0217/161414.688:WARNING:dns_config_service_win.cc(665)] Failed to read DnsConfig.
[0217/161419.696:WARNING:dns_config_service_win.cc(665)] Failed to read DnsConfig.
[0217/161554.806:WARNING:dns_config_service_win.cc(665)] Failed to read DnsConfig.
[0217/161559.810:WARNING:dns_config_service_win.cc(665)] Failed to read DnsConfig.
[0217/161604.818:WARNING:dns_config_service_win.cc(665)] Failed to read DnsConfig.
[0217/161609.824:WARNING:dns_config_service_win.cc(665)] Failed to read DnsConfig.
[0217/161614.828:WARNING:dns_config_service_win.cc(665)] Failed to read DnsConfig.
[0217/161619.836:WARNING:dns_config_service_win.cc(665)] Failed to read DnsConfig.
[0217/161624.849:WARNING:dns_config_service_win.cc(665)] Failed to read DnsConfig.
[0217/161629.857:WARNING:dns_config_service_win.cc(665)] Failed to read DnsConfig.
[0217/161634.867:WARNING:dns_config_service_win.cc(665)] Failed to read DnsConfig.
[0217/161639.875:WARNING:dns_config_service_win.cc(665)] Failed to read DnsConfig.
[0217/161644.884:WARNING:dns_config_service_win.cc(665)] Failed to read DnsConfig.
[0217/161649.892:WARNING:dns_config_service_win.cc(665)] Failed to read DnsConfig.
[0217/161839.504:WARNING:dns_config_service_win.cc(665)] Failed to read DnsConfig.
[0217/161844.508:WARNING:dns_config_service_win.cc(665)] Failed to read DnsConfig.
[0217/161849.515:WARNING:dns_config_service_win.cc(665)] Failed to read DnsConfig.
[0217/161854.521:WARNING:dns_config_service_win.cc(665)] Failed to read DnsConfig.
[0217/161859.526:WARNING:dns_config_service_win.cc(665)] Failed to read DnsConfig.
[0217/161904.530:WARNING:dns_config_service_win.cc(665)] Failed to read DnsConfig.
[0217/161909.534:WARNING:dns_config_service_win.cc(665)] Failed to read DnsConfig.
[0217/161914.539:WARNING:dns_config_service_win.cc(665)] Failed to read DnsConfig.
[0217/161919.547:WARNING:dns_config_service_win.cc(665)] Failed to read DnsConfig.
[0217/161924.554:WARNING:dns_config_service_win.cc(665)] Failed to read DnsConfig.
[0217/161929.558:WARNING:dns_config_service_win.cc(665)] Failed to read DnsConfig.
[0217/161934.567:WARNING:dns_config_service_win.cc(665)] Failed to read DnsConfig.
[0217/161939.291:WARNING:dns_config_service_win.cc(665)] Failed to read DnsConfig.
[0217/161939.570:WARNING:dns_config_service_win.cc(665)] Failed to read DnsConfig.
[0217/161939.794:WARNING:dns_config_service_win.cc(665)] Failed to read DnsConfig.
[0217/161944.294:WARNING:dns_config_service_win.cc(665)] Failed to read DnsConfig.
[0217/161944.579:WARNING:dns_config_service_win.cc(665)] Failed to read DnsConfig.
[0217/161944.801:WARNING:dns_config_service_win.cc(665)] Failed to read DnsConfig.
[0217/161949.303:WARNING:dns_config_service_win.cc(665)] Failed to read DnsConfig.
[0217/161949.587:WARNING:dns_config_service_win.cc(665)] Failed to read DnsConfig.
[0217/161949.810:WARNING:dns_config_service_win.cc(665)] Failed to read DnsConfig.
[0217/161954.311:WARNING:dns_config_service_win.cc(665)] Failed to read DnsConfig.
[0217/161954.591:WARNING:dns_config_service_win.cc(665)] Failed to read DnsConfig.
[0217/161954.819:WARNING:dns_config_service_win.cc(665)] Failed to read DnsConfig.
[0217/161959.314:WARNING:dns_config_service_win.cc(665)] Failed to read DnsConfig.
[0217/161959.594:WARNING:dns_config_service_win.cc(665)] Failed to read DnsConfig.
[0217/161959.823:WARNING:dns_config_service_win.cc(665)] Failed to read DnsConfig.
[0217/162004.317:WARNING:dns_config_service_win.cc(665)] Failed to read DnsConfig.
[0217/162004.598:WARNING:dns_config_service_win.cc(665)] Failed to read DnsConfig.
[0217/162004.827:WARNING:dns_config_service_win.cc(665)] Failed to read DnsConfig.
[0217/162009.324:WARNING:dns_config_service_win.cc(665)] Failed to read DnsConfig.
[0217/162009.606:WARNING:dns_config_service_win.cc(665)] Failed to read DnsConfig.
[0217/162009.836:WARNING:dns_config_service_win.cc(665)] Failed to read DnsConfig.
[0217/162014.333:WARNING:dns_config_service_win.cc(665)] Failed to read DnsConfig.
[0217/162014.611:WARNING:dns_config_service_win.cc(665)] Failed to read DnsConfig.
[0217/162014.844:WARNING:dns_config_service_win.cc(665)] Failed to read DnsConfig.
[0217/162019.343:WARNING:dns_config_service_win.cc(665)] Failed to read DnsConfig.
[0217/162019.617:WARNING:dns_config_service_win.cc(665)] Failed to read DnsConfig.
[0217/162019.850:WARNING:dns_config_service_win.cc(665)] Failed to read DnsConfig.
